<?xml version="1.0" encoding="UTF-8"?>
<testsuite xmlns:xsi="http://www.w3.org/2001/XMLSchema-instance" xsi:noNamespaceSchemaLocation="https://maven.apache.org/surefire/maven-surefire-plugin/xsd/surefire-test-report-3.0.xsd" version="3.0" name="com.flickfinder.dao.MovieDAOTest" time="0.065" tests="4" errors="0" skipped="0" failures="0">
  <properties>
[...]
</properties>
  <testcase name="testGetMovieById" classname="com.flickfinder.dao.MovieDAOTest" time="0.01"/>
  <testcase name="testGetMovieByIdInvalidId" classname="com.flickfinder.dao.MovieDAOTest" time="0.013"/>
  <testcase name="testGetAllMovies" classname="com.flickfinder.dao.MovieDAOTest" time="0.011"/>
  <testcase name="testStarById" classname="com.flickfinder.dao.MovieDAOTest" time="0.016"/>
</testsuite>